[2025-10-31 04:42:59] Uncaught Error: Class "CIS\Base\Logger" not found in /home/129337.cloudwaysapps.com/jcepnzzkmj/public_html/modules/bank-transactions/bootstrap.php:39
[2025-10-31 04:42:59] Uncaught Error: Class "CIS\Base\Logger" not found in /home/129337.cloudwaysapps.com/jcepnzzkmj/public_html/modules/bank-transactions/bootstrap.php:39
[2025-10-31 04:42:59] Uncaught Error: Class "CIS\Base\Logger" not found in /home/129337.cloudwaysapps.com/jcepnzzkmj/public_html/modules/bank-transactions/bootstrap.php:39
[2025-10-31 04:42:59] Uncaught Error: Class "CIS\Base\Logger" not found in /home/129337.cloudwaysapps.com/jcepnzzkmj/public_html/modules/bank-transactions/bootstrap.php:39
[2025-10-31 04:43:25] Uncaught Error: Class "CIS\Base\Logger" not found in /home/129337.cloudwaysapps.com/jcepnzzkmj/public_html/modules/bank-transactions/bootstrap.php:39
[2025-10-31 06:47:48] Uncaught ErrorException: Undefined variable $content in /home/129337.cloudwaysapps.com/jcepnzzkmj/public_html/modules/base/_templates/layouts/dashboard.php:151
[2025-10-31 06:49:38] Uncaught ParseError: syntax error, unexpected variable "$this", expecting "function" or "const" in /home/129337.cloudwaysapps.com/jcepnzzkmj/public_html/modules/bank-transactions/models/BaseModel.php:38
[2025-10-31 06:49:46] Uncaught ParseError: syntax error, unexpected variable "$this", expecting "function" or "const" in /home/129337.cloudwaysapps.com/jcepnzzkmj/public_html/modules/bank-transactions/models/BaseModel.php:38
[2025-10-31 07:06:22] Uncaught ErrorException: Undefined variable $csrfToken in /home/129337.cloudwaysapps.com/jcepnzzkmj/public_html/modules/bank-transactions/views/dashboard.php:317
[2025-10-31 07:11:04] Uncaught ErrorException: Undefined variable $csrfToken in /home/129337.cloudwaysapps.com/jcepnzzkmj/public_html/modules/bank-transactions/views/dashboard.php:334
[2025-10-31 07:11:04] Uncaught ErrorException: Undefined variable $csrfToken in /home/129337.cloudwaysapps.com/jcepnzzkmj/public_html/modules/bank-transactions/views/dashboard.php:334
[2025-10-31 07:11:44] Uncaught ErrorException: Undefined variable $csrfToken in /home/129337.cloudwaysapps.com/jcepnzzkmj/public_html/modules/bank-transactions/views/dashboard.php:334
[2025-10-31 07:22:01] Uncaught ErrorException: Undefined variable $csrfToken in /home/129337.cloudwaysapps.com/jcepnzzkmj/public_html/modules/bank-transactions/views/dashboard.php:334
[2025-10-31 07:22:14] Uncaught ErrorException: Undefined variable $csrfToken in /home/129337.cloudwaysapps.com/jcepnzzkmj/public_html/modules/bank-transactions/views/dashboard.php:334
[2025-10-31 07:23:29] Uncaught ErrorException: Undefined variable $csrfToken in /home/129337.cloudwaysapps.com/jcepnzzkmj/public_html/modules/bank-transactions/views/dashboard.php:334
[2025-10-31 07:24:10] Uncaught ErrorException: Undefined variable $csrfToken in /home/129337.cloudwaysapps.com/jcepnzzkmj/public_html/modules/bank-transactions/views/dashboard.php:334
[2025-10-31 07:55:22] Uncaught Error: Class "CIS\CIS\BankTransactions\Models\TransactionModel" not found in /home/129337.cloudwaysapps.com/jcepnzzkmj/public_html/modules/bank-transactions/api/dashboard-metrics.php:87
[2025-10-31 07:55:22] Uncaught TypeError: CIS\BankTransactions\Models\TransactionModel::findUnmatched(): Argument #1 ($limit) must be of type int, string given, called in /home/129337.cloudwaysapps.com/jcepnzzkmj/public_html/modules/bank-transactions/api/export.php on line 52 in /home/129337.cloudwaysapps.com/jcepnzzkmj/public_html/modules/bank-transactions/models/TransactionModel.php:29
[2025-10-31 07:55:31] Uncaught Error: Class "CIS\CIS\BankTransactions\Models\TransactionModel" not found in /home/129337.cloudwaysapps.com/jcepnzzkmj/public_html/modules/bank-transactions/api/dashboard-metrics.php:87
[2025-10-31 07:56:21] Uncaught TypeError: CIS\BankTransactions\Models\TransactionModel::findUnmatched(): Argument #1 ($limit) must be of type int, string given, called in /home/129337.cloudwaysapps.com/jcepnzzkmj/public_html/modules/bank-transactions/api/export.php on line 52 in /home/129337.cloudwaysapps.com/jcepnzzkmj/public_html/modules/bank-transactions/models/TransactionModel.php:29
[2025-10-31 09:12:10] Uncaught TypeError: CIS\BankTransactions\Models\TransactionModel::findUnmatched(): Argument #1 ($limit) must be of type int, string given, called in /home/129337.cloudwaysapps.com/jcepnzzkmj/public_html/modules/bank-transactions/api/export.php on line 52 in /home/129337.cloudwaysapps.com/jcepnzzkmj/public_html/modules/bank-transactions/models/TransactionModel.php:29
[2025-11-03 09:14:44] Uncaught TypeError: CIS\BankTransactions\Models\TransactionModel::findUnmatched(): Argument #1 ($limit) must be of type int, string given, called in /home/129337.cloudwaysapps.com/jcepnzzkmj/public_html/modules/bank-transactions/api/export.php on line 52 in /home/129337.cloudwaysapps.com/jcepnzzkmj/public_html/modules/bank-transactions/models/TransactionModel.php:29
[2025-11-03 09:14:44] Uncaught Error: Call to undefined method CIS\BankTransactions\Models\TransactionModel::findById() in /home/129337.cloudwaysapps.com/jcepnzzkmj/public_html/modules/bank-transactions/api/bulk-send-review.php:48
[2025-11-03 09:14:44] Uncaught TypeError: CIS\BankTransactions\Models\TransactionModel::findUnmatched(): Argument #1 ($limit) must be of type int, string given, called in /home/129337.cloudwaysapps.com/jcepnzzkmj/public_html/modules/bank-transactions/api/export.php on line 52 in /home/129337.cloudwaysapps.com/jcepnzzkmj/public_html/modules/bank-transactions/models/TransactionModel.php:29
[2025-11-03 09:14:44] Uncaught Error: Call to undefined method CIS\BankTransactions\Models\TransactionModel::findById() in /home/129337.cloudwaysapps.com/jcepnzzkmj/public_html/modules/bank-transactions/api/bulk-send-review.php:48
[2025-11-03 09:14:45] Uncaught TypeError: CIS\BankTransactions\Models\TransactionModel::findUnmatched(): Argument #1 ($limit) must be of type int, string given, called in /home/129337.cloudwaysapps.com/jcepnzzkmj/public_html/modules/bank-transactions/api/export.php on line 52 in /home/129337.cloudwaysapps.com/jcepnzzkmj/public_html/modules/bank-transactions/models/TransactionModel.php:29
[2025-11-03 09:14:45] Uncaught TypeError: CIS\BankTransactions\Models\TransactionModel::findUnmatched(): Argument #1 ($limit) must be of type int, string given, called in /home/129337.cloudwaysapps.com/jcepnzzkmj/public_html/modules/bank-transactions/api/export.php on line 52 in /home/129337.cloudwaysapps.com/jcepnzzkmj/public_html/modules/bank-transactions/models/TransactionModel.php:29
